action: py35, msg: getenv
cwd: /home/lekocrod/Projects/pys3
cmd: /home/lekocrod/Projects/pys3/.tox/py35/bin/python -m pip install -rrequirements.txt -rrequirements_dev.txt
Collecting boto3 (from -r requirements.txt (line 1))
  Using cached https://files.pythonhosted.org/packages/4e/ab/3c0f9e39631e6f06d6424f8c28a69ef92287fedec9a896ff433de6a87eed/boto3-1.9.134-py2.py3-none-any.whl
Collecting pytest (from -r requirements_dev.txt (line 1))
  Using cached https://files.pythonhosted.org/packages/5d/c3/54f607bc9817fd284073ac68e99123f86616f431f9d29a855474b7cf00eb/pytest-4.4.1-py2.py3-none-any.whl
Collecting pytest-cov (from -r requirements_dev.txt (line 2))
  Using cached https://files.pythonhosted.org/packages/7d/b5/92f32674ab954f80499ac73347bfeb815545ea295439c12b0ef3ac8f0975/pytest_cov-2.6.1-py2.py3-none-any.whl
Collecting flake8 (from -r requirements_dev.txt (line 3))
  Using cached https://files.pythonhosted.org/packages/e9/76/b915bd28976068a9843bf836b789794aa4a8eb13338b23581005cd9177c0/flake8-3.7.7-py2.py3-none-any.whl
Collecting flake8-import-order (from -r requirements_dev.txt (line 4))
  Using cached https://files.pythonhosted.org/packages/ab/52/cf2d6e2c505644ca06de2f6f3546f1e4f2b7be34246c9e0757c6048868f9/flake8_import_order-0.18.1-py2.py3-none-any.whl
Collecting radon (from -r requirements_dev.txt (line 5))
  Using cached https://files.pythonhosted.org/packages/4b/94/1178421f239fea0d48fbbcb10d2a30b76b5b6812e08ddf2bd92650e52068/radon-3.0.1-py2.py3-none-any.whl
Collecting botocore<1.13.0,>=1.12.134 (from boto3->-r requirements.txt (line 1))
  Using cached https://files.pythonhosted.org/packages/f6/ed/8da3a5885ea627833ad7e07f2076c4fcccb7c02513f33fa6e934fe71708a/botocore-1.12.134-py2.py3-none-any.whl
Collecting jmespath<1.0.0,>=0.7.1 (from boto3->-r requirements.txt (line 1))
  Using cached https://files.pythonhosted.org/packages/83/94/7179c3832a6d45b266ddb2aac329e101367fbdb11f425f13771d27f225bb/jmespath-0.9.4-py2.py3-none-any.whl
Collecting s3transfer<0.3.0,>=0.2.0 (from boto3->-r requirements.txt (line 1))
  Using cached https://files.pythonhosted.org/packages/d7/de/5737f602e22073ecbded7a0c590707085e154e32b68d86545dcc31004c02/s3transfer-0.2.0-py2.py3-none-any.whl
Collecting more-itertools>=4.0.0; python_version > "2.7" (from pytest->-r requirements_dev.txt (line 1))
  Using cached https://files.pythonhosted.org/packages/b3/73/64fb5922b745fc1daee8a2880d907d2a70d9c7bb71eea86fcb9445daab5e/more_itertools-7.0.0-py3-none-any.whl
Collecting pathlib2>=2.2.0; python_version < "3.6" (from pytest->-r requirements_dev.txt (line 1))
  Downloading https://files.pythonhosted.org/packages/2a/46/c696dcf1c7aad917b39b875acdc5451975e3a9b4890dca8329983201c97a/pathlib2-2.3.3-py2.py3-none-any.whl
Requirement already satisfied: setuptools in ./.tox/py35/lib/python3.5/site-packages (from pytest->-r requirements_dev.txt (line 1)) (41.0.0)
Collecting attrs>=17.4.0 (from pytest->-r requirements_dev.txt (line 1))
  Using cached https://files.pythonhosted.org/packages/23/96/d828354fa2dbdf216eaa7b7de0db692f12c234f7ef888cc14980ef40d1d2/attrs-19.1.0-py2.py3-none-any.whl
Collecting six>=1.10.0 (from pytest->-r requirements_dev.txt (line 1))
  Using cached https://files.pythonhosted.org/packages/73/fb/00a976f728d0d1fecfe898238ce23f502a721c0ac0ecfedb80e0d88c64e9/six-1.12.0-py2.py3-none-any.whl
Collecting atomicwrites>=1.0 (from pytest->-r requirements_dev.txt (line 1))
  Using cached https://files.pythonhosted.org/packages/52/90/6155aa926f43f2b2a22b01be7241be3bfd1ceaf7d0b3267213e8127d41f4/atomicwrites-1.3.0-py2.py3-none-any.whl
Collecting py>=1.5.0 (from pytest->-r requirements_dev.txt (line 1))
  Using cached https://files.pythonhosted.org/packages/76/bc/394ad449851729244a97857ee14d7cba61ddb268dce3db538ba2f2ba1f0f/py-1.8.0-py2.py3-none-any.whl
Collecting pluggy>=0.9 (from pytest->-r requirements_dev.txt (line 1))
  Using cached https://files.pythonhosted.org/packages/84/e8/4ddac125b5a0e84ea6ffc93cfccf1e7ee1924e88f53c64e98227f0af2a5f/pluggy-0.9.0-py2.py3-none-any.whl
Collecting coverage>=4.4 (from pytest-cov->-r requirements_dev.txt (line 2))
  Downloading https://files.pythonhosted.org/packages/4f/d1/df283ea8e30aff9d567b111f40184260caa4a54f55aa26b48b82cf79161e/coverage-4.5.3-cp35-cp35m-manylinux1_x86_64.whl (205kB)
Collecting mccabe<0.7.0,>=0.6.0 (from flake8->-r requirements_dev.txt (line 3))
  Using cached https://files.pythonhosted.org/packages/87/89/479dc97e18549e21354893e4ee4ef36db1d237534982482c3681ee6e7b57/mccabe-0.6.1-py2.py3-none-any.whl
Collecting entrypoints<0.4.0,>=0.3.0 (from flake8->-r requirements_dev.txt (line 3))
  Using cached https://files.pythonhosted.org/packages/ac/c6/44694103f8c221443ee6b0041f69e2740d89a25641e62fb4f2ee568f2f9c/entrypoints-0.3-py2.py3-none-any.whl
Collecting pyflakes<2.2.0,>=2.1.0 (from flake8->-r requirements_dev.txt (line 3))
  Using cached https://files.pythonhosted.org/packages/84/f2/ed0ffb887f8138a8fe5a621b8c0bb9598bfb3989e029f6c6a85ee66628ee/pyflakes-2.1.1-py2.py3-none-any.whl
Collecting pycodestyle<2.6.0,>=2.5.0 (from flake8->-r requirements_dev.txt (line 3))
  Using cached https://files.pythonhosted.org/packages/0e/0c/04a353e104d2f324f8ee5f4b32012618c1c86dd79e52a433b64fceed511b/pycodestyle-2.5.0-py2.py3-none-any.whl
Collecting colorama<0.5,>=0.4 (from radon->-r requirements_dev.txt (line 5))
  Using cached https://files.pythonhosted.org/packages/4f/a6/728666f39bfff1719fc94c481890b2106837da9318031f71a8424b662e12/colorama-0.4.1-py2.py3-none-any.whl
Collecting flake8-polyfill (from radon->-r requirements_dev.txt (line 5))
  Using cached https://files.pythonhosted.org/packages/86/b5/a43fed6fd0193585d17d6faa7b85317d4461f694aaed546098c69f856579/flake8_polyfill-1.0.2-py2.py3-none-any.whl
Collecting mando<0.7,>=0.6 (from radon->-r requirements_dev.txt (line 5))
  Using cached https://files.pythonhosted.org/packages/e6/cc/f6e25247c1493a654785e68cd975e479c311e99dafedd49ed17f8d300e0c/mando-0.6.4-py2.py3-none-any.whl
Collecting python-dateutil<3.0.0,>=2.1; python_version >= "2.7" (from botocore<1.13.0,>=1.12.134->boto3->-r requirements.txt (line 1))
  Using cached https://files.pythonhosted.org/packages/41/17/c62faccbfbd163c7f57f3844689e3a78bae1f403648a6afb1d0866d87fbb/python_dateutil-2.8.0-py2.py3-none-any.whl
Collecting docutils>=0.10 (from botocore<1.13.0,>=1.12.134->boto3->-r requirements.txt (line 1))
  Using cached https://files.pythonhosted.org/packages/36/fa/08e9e6e0e3cbd1d362c3bbee8d01d0aedb2155c4ac112b19ef3cae8eed8d/docutils-0.14-py3-none-any.whl
Collecting urllib3<1.25,>=1.20; python_version >= "3.4" (from botocore<1.13.0,>=1.12.134->boto3->-r requirements.txt (line 1))
  Using cached https://files.pythonhosted.org/packages/df/1c/59cca3abf96f991f2ec3131a4ffe72ae3d9ea1f5894abe8a9c5e3c77cfee/urllib3-1.24.2-py2.py3-none-any.whl
Installing collected packages: six, python-dateutil, jmespath, docutils, urllib3, botocore, s3transfer, boto3, more-itertools, pathlib2, attrs, atomicwrites, py, pluggy, pytest, coverage, pytest-cov, mccabe, entrypoints, pyflakes, pycodestyle, flake8, flake8-import-order, colorama, flake8-polyfill, mando, radon
Successfully installed atomicwrites-1.3.0 attrs-19.1.0 boto3-1.9.134 botocore-1.12.134 colorama-0.4.1 coverage-4.5.3 docutils-0.14 entrypoints-0.3 flake8-3.7.7 flake8-import-order-0.18.1 flake8-polyfill-1.0.2 jmespath-0.9.4 mando-0.6.4 mccabe-0.6.1 more-itertools-7.0.0 pathlib2-2.3.3 pluggy-0.9.0 py-1.8.0 pycodestyle-2.5.0 pyflakes-2.1.1 pytest-4.4.1 pytest-cov-2.6.1 python-dateutil-2.8.0 radon-3.0.1 s3transfer-0.2.0 six-1.12.0 urllib3-1.24.2
