action: GLOB, msg: packaging
cwd: /home/lekocrod/Projects/pys3
cmd: /home/lekocrod/.local/share/virtualenvs/pys3-Ovr6EE8F/bin/python3.6 setup.py sdist --formats=zip --dist-dir .tox/dist
running sdist
running egg_info
writing pys3.egg-info/PKG-INFO
writing dependency_links to pys3.egg-info/dependency_links.txt
writing top-level names to pys3.egg-info/top_level.txt
reading manifest file 'pys3.egg-info/SOURCES.txt'
writing manifest file 'pys3.egg-info/SOURCES.txt'
warning: sdist: standard file not found: should have one of README, README.rst, README.txt, README.md

running check
warning: check: missing required meta-data: url

warning: check: missing meta-data: either (author and author_email) or (maintainer and maintainer_email) must be supplied

creating pys3-0.0.0
creating pys3-0.0.0/pys3.egg-info
copying files to pys3-0.0.0...
copying setup.py -> pys3-0.0.0
copying pys3.egg-info/PKG-INFO -> pys3-0.0.0/pys3.egg-info
copying pys3.egg-info/SOURCES.txt -> pys3-0.0.0/pys3.egg-info
copying pys3.egg-info/dependency_links.txt -> pys3-0.0.0/pys3.egg-info
copying pys3.egg-info/top_level.txt -> pys3-0.0.0/pys3.egg-info
Writing pys3-0.0.0/setup.cfg
creating '.tox/dist/pys3-0.0.0.zip' and adding 'pys3-0.0.0' to it
adding 'pys3-0.0.0/setup.cfg'
adding 'pys3-0.0.0/PKG-INFO'
adding 'pys3-0.0.0/setup.py'
adding 'pys3-0.0.0/pys3.egg-info/PKG-INFO'
adding 'pys3-0.0.0/pys3.egg-info/top_level.txt'
adding 'pys3-0.0.0/pys3.egg-info/dependency_links.txt'
adding 'pys3-0.0.0/pys3.egg-info/SOURCES.txt'
removing 'pys3-0.0.0' (and everything under it)
