action: py36, msg: envreport
cwd: /home/lekocrod/Projects/pys3
cmd: /home/lekocrod/Projects/pys3/.tox/py36/bin/python -m pip freeze
atomicwrites==1.3.0
attrs==19.1.0
boto3==1.9.134
botocore==1.12.134
colorama==0.4.1
coverage==4.5.3
docutils==0.14
entrypoints==0.3
flake8==3.7.7
flake8-import-order==0.18.1
flake8-polyfill==1.0.2
jmespath==0.9.4
mando==0.6.4
mccabe==0.6.1
more-itertools==7.0.0
pluggy==0.9.0
py==1.8.0
py-s3-deploy==0.0.0
pycodestyle==2.5.0
pyflakes==2.1.1
pys3==0.0.0
pytest==4.4.1
pytest-cov==2.6.1
python-dateutil==2.8.0
radon==3.0.1
s3transfer==0.2.0
six==1.12.0
urllib3==1.24.2
